RUN	users.UsersSimulation	userssimulation	1581118124883	 	3.0.2
USER	Get users	1	START	1581118125085	1581118125085
USER	Get users	2	START	1581118125689	1581118125689
USER	Get users	3	START	1581118126188	1581118126188
REQUEST	2		GET /users	1581118125850	1581118126058	OK	 
REQUEST	1		GET /users	1581118125850	1581118126058	OK	 
REQUEST	2		GET /users1	1581118126099	1581118126208	OK	 
REQUEST	1		GET /users1	1581118126099	1581118126209	OK	 
USER	Get users	1	END	1581118125085	1581118126212
USER	Get users	2	END	1581118125689	1581118126212
REQUEST	3		GET /users	1581118126204	1581118126312	OK	 
REQUEST	3		GET /users1	1581118126316	1581118126429	OK	 
USER	Get users	3	END	1581118126188	1581118126430
USER	Get users	4	START	1581118126689	1581118126689
REQUEST	4		GET /users	1581118126704	1581118126814	OK	 
REQUEST	4		GET /users1	1581118126819	1581118126929	OK	 
USER	Get users	4	END	1581118126689	1581118126930
USER	Get users	5	START	1581118127199	1581118127199
REQUEST	5		GET /users	1581118127216	1581118127325	OK	 
REQUEST	5		GET /users1	1581118127330	1581118127440	OK	 
USER	Get users	5	END	1581118127199	1581118127440
USER	Get users	6	START	1581118127586	1581118127586
REQUEST	6		GET /users	1581118127602	1581118127709	OK	 
REQUEST	6		GET /users1	1581118127715	1581118127827	OK	 
USER	Get users	6	END	1581118127586	1581118127827
USER	Get users	7	START	1581118128086	1581118128086
REQUEST	7		GET /users	1581118128102	1581118128212	OK	 
REQUEST	7		GET /users1	1581118128217	1581118128327	OK	 
USER	Get users	7	END	1581118128086	1581118128328
USER	Get users	8	START	1581118128589	1581118128589
REQUEST	8		GET /users	1581118128601	1581118128711	OK	 
REQUEST	8		GET /users1	1581118128718	1581118128829	OK	 
USER	Get users	8	END	1581118128589	1581118128830
USER	Get users	9	START	1581118129089	1581118129089
REQUEST	9		GET /users	1581118129102	1581118129208	OK	 
REQUEST	9		GET /users1	1581118129226	1581118129338	OK	 
USER	Get users	9	END	1581118129089	1581118129339
USER	Get users	10	START	1581118129588	1581118129588
REQUEST	10		GET /users	1581118129600	1581118129709	OK	 
REQUEST	10		GET /users1	1581118129712	1581118129818	OK	 
USER	Get users	10	END	1581118129588	1581118129819
